<?xml version="1.0" encoding="UTF-8"?>
<robot generator="Robot 7.3.2 (Python 3.13.5 on win32)" generated="2025-08-21T11:40:31.030663" rpa="false" schemaversion="5">
<suite id="s1" name="createInspection" source="D:\RobotFramework_AIS\Tests\sauceLabs\createInspection.robot">
<test id="s1-t1" name="Verify Logout Functionality" line="16">
<kw name="Start TestCase" owner="commonKeywords" type="SETUP">
<kw name="Evaluate" owner="BuiltIn">
<msg time="2025-08-21T11:40:32.231204" level="INFO">${options} = &lt;selenium.webdriver.chrome.options.Options object at 0x000001D1076F3380&gt;</msg>
<var>${options}</var>
<arg>sys.modules['selenium.webdriver'].${browser_name}Options()</arg>
<arg>sys, selenium.webdriver</arg>
<doc>Evaluates the given expression in Python and returns the result.</doc>
<status status="PASS" start="2025-08-21T11:40:32.230557" elapsed="0.000720"/>
</kw>
<kw name="Call Method" owner="BuiltIn">
<arg>${options}</arg>
<arg>add_argument</arg>
<arg>--headed</arg>
<doc>Calls the named method of the given object with the provided arguments.</doc>
<status status="PASS" start="2025-08-21T11:40:32.237720" elapsed="0.000435"/>
</kw>
<kw name="Call Method" owner="BuiltIn">
<arg>${options}</arg>
<arg>add_argument</arg>
<arg>--no-sandbox</arg>
<doc>Calls the named method of the given object with the provided arguments.</doc>
<status status="PASS" start="2025-08-21T11:40:32.238540" elapsed="0.000224"/>
</kw>
<kw name="Call Method" owner="BuiltIn">
<arg>${options}</arg>
<arg>add_argument</arg>
<arg>--disable-dev-shm-usage</arg>
<doc>Calls the named method of the given object with the provided arguments.</doc>
<status status="PASS" start="2025-08-21T11:40:32.239007" elapsed="0.000272"/>
</kw>
<kw name="Evaluate" owner="BuiltIn">
<msg time="2025-08-21T11:40:32.242246" level="INFO">${profile_dir} = C:\Users\KAVITA~1.CHO\AppData\Local\Temp\tmpwhg9x1pa</msg>
<var>${profile_dir}</var>
<arg>__import__('tempfile').mkdtemp()</arg>
<arg>modules=tempfile</arg>
<doc>Evaluates the given expression in Python and returns the result.</doc>
<status status="PASS" start="2025-08-21T11:40:32.239687" elapsed="0.002679"/>
</kw>
<kw name="Set Variable" owner="BuiltIn">
<msg time="2025-08-21T11:40:32.249047" level="INFO">${user_data_arg} = --user-data-dir=C:\Users\KAVITA~1.CHO\AppData\Local\Temp\tmpwhg9x1pa</msg>
<var>${user_data_arg}</var>
<arg>--user-data-dir=${profile_dir}</arg>
<doc>Returns the given values which can then be assigned to a variables.</doc>
<status status="PASS" start="2025-08-21T11:40:32.248574" elapsed="0.000525"/>
</kw>
<kw name="Call Method" owner="BuiltIn">
<arg>${options}</arg>
<arg>add_argument</arg>
<arg>${user_data_arg}</arg>
<doc>Calls the named method of the given object with the provided arguments.</doc>
<status status="PASS" start="2025-08-21T11:40:32.257579" elapsed="0.000453"/>
</kw>
<kw name="Create Webdriver" owner="SeleniumLibrary">
<msg time="2025-08-21T11:40:32.258726" level="INFO">Creating an instance of the Chrome WebDriver.</msg>
<arg>Chrome</arg>
<arg>options=${options}</arg>
<doc>Creates an instance of Selenium WebDriver.</doc>
<status status="PASS" start="2025-08-21T11:40:32.258375" elapsed="3.680707"/>
</kw>
<kw name="Go To" owner="SeleniumLibrary">
<msg time="2025-08-21T11:40:35.956725" level="INFO">Opening url 'http://52.140.64.177:9099/'</msg>
<arg>${url["${env}"]}</arg>
<doc>Navigates the current browser window to the provided ``url``.</doc>
<status status="PASS" start="2025-08-21T11:40:35.955039" elapsed="4.043182"/>
</kw>
<kw name="Maximize Browser Window" owner="SeleniumLibrary">
<doc>Maximizes current browser window.</doc>
<status status="PASS" start="2025-08-21T11:40:40.022405" elapsed="0.118303"/>
</kw>
<status status="PASS" start="2025-08-21T11:40:32.228450" elapsed="7.914602"/>
</kw>
<kw name="Basic Login TestCase" owner="Dashboard">
<kw name="Input Text" owner="SeleniumLibrary">
<msg time="2025-08-21T11:40:40.149958" level="INFO">Typing text 'samuel@gmail.com' into text field '//input[@id=':r0:']'.</msg>
<arg>${LoginPage_user_name}</arg>
<arg>${username}</arg>
<doc>Types the given ``text`` into the text field identified by ``locator``.</doc>
<status status="PASS" start="2025-08-21T11:40:40.148601" elapsed="1.140279"/>
</kw>
<kw name="Input Text" owner="SeleniumLibrary">
<msg time="2025-08-21T11:40:41.301978" level="INFO">Typing text 'Abc@123' into text field '//input[@id=':r1:']'.</msg>
<arg>${LoginPage_password}</arg>
<arg>${password}</arg>
<doc>Types the given ``text`` into the text field identified by ``locator``.</doc>
<status status="PASS" start="2025-08-21T11:40:41.300080" elapsed="0.483295"/>
</kw>
<kw name="Wait Until Element Is Visible" owner="SeleniumLibrary">
<arg>${LoginPage_login_button}</arg>
<doc>Waits until the element ``locator`` is visible.</doc>
<status status="PASS" start="2025-08-21T11:40:41.812173" elapsed="0.081276"/>
</kw>
<kw name="Press Keys" owner="SeleniumLibrary">
<msg time="2025-08-21T11:40:41.896806" level="INFO">Sending key(s) ('[Return]',) to //button[@id=':r3:'] element.</msg>
<msg time="2025-08-21T11:40:42.613798" level="INFO">Sending keys [Return]</msg>
<arg>${LoginPage_login_button}</arg>
<arg>[Return]</arg>
<doc>Simulates the user pressing key(s) to an element or on the active browser.</doc>
<status status="PASS" start="2025-08-21T11:40:41.894514" elapsed="1.048318"/>
</kw>
<status status="PASS" start="2025-08-21T11:40:40.147407" elapsed="2.847395"/>
</kw>
<kw name="Page Contain Inspection" owner="Dashboard">
<kw name="Wait Until Element Is Visible" owner="SeleniumLibrary">
<arg>${DashboardCreateInspectionLabel}</arg>
<doc>Waits until the element ``locator`` is visible.</doc>
<status status="PASS" start="2025-08-21T11:40:43.008831" elapsed="1.085475"/>
</kw>
<kw name="Page Should Contain Element" owner="SeleniumLibrary">
<msg time="2025-08-21T11:40:44.163242" level="INFO">Current page contains element '//div//h4[contains(text(),'Inspection Solution')]'.</msg>
<arg>${DashboardCreateInspectionLabel}</arg>
<doc>Verifies that element ``locator`` is found on the current page.</doc>
<status status="PASS" start="2025-08-21T11:40:44.095806" elapsed="0.067772"/>
</kw>
<status status="PASS" start="2025-08-21T11:40:43.005049" elapsed="1.167905"/>
</kw>
<kw name="Click on Person Logo and LogOff" owner="Dashboard">
<kw name="Press Keys" owner="SeleniumLibrary">
<msg time="2025-08-21T11:40:44.177169" level="INFO">Sending key(s) ('[Return]',) to //div[@class='MuiAvatar-root MuiAvatar-circular MuiAvatar-colorDefault css-njrb29'] element.</msg>
<msg time="2025-08-21T11:40:44.645823" level="INFO">Sending keys [Return]</msg>
<arg>${DashboardPagePersonLogo}</arg>
<arg>[Return]</arg>
<doc>Simulates the user pressing key(s) to an element or on the active browser.</doc>
<status status="PASS" start="2025-08-21T11:40:44.175585" elapsed="0.531315"/>
</kw>
<kw name="Press Keys" owner="SeleniumLibrary">
<msg time="2025-08-21T11:40:44.717785" level="INFO">Sending key(s) ('[Return]',) to //div[@class='signoutContainer MuiBox-root css-0']/button element.</msg>
<msg time="2025-08-21T11:40:45.145808" level="INFO">Sending keys [Return]</msg>
<arg>${DashboardSignOutButton}</arg>
<arg>[Return]</arg>
<doc>Simulates the user pressing key(s) to an element or on the active browser.</doc>
<status status="PASS" start="2025-08-21T11:40:44.716589" elapsed="0.519369"/>
</kw>
<status status="PASS" start="2025-08-21T11:40:44.174476" elapsed="1.071581"/>
</kw>
<kw name="End TestCase" owner="commonKeywords" type="TEARDOWN">
<kw name="Close Browser" owner="SeleniumLibrary">
<doc>Closes the current browser.</doc>
<status status="PASS" start="2025-08-21T11:40:45.248899" elapsed="3.559847"/>
</kw>
<status status="PASS" start="2025-08-21T11:40:45.247701" elapsed="3.561835"/>
</kw>
<doc>This TestCase will verify Logout Functionality</doc>
<tag>Functional</tag>
<status status="PASS" start="2025-08-21T11:40:32.226787" elapsed="16.583799"/>
</test>
<test id="s1-t2" name="Verify the Compliance with Regulation Flow" line="27">
<kw name="Start TestCase" owner="commonKeywords" type="SETUP">
<kw name="Evaluate" owner="BuiltIn">
<msg time="2025-08-21T11:40:48.842384" level="INFO">${options} = &lt;selenium.webdriver.chrome.options.Options object at 0x000001D1077B91D0&gt;</msg>
<var>${options}</var>
<arg>sys.modules['selenium.webdriver'].${browser_name}Options()</arg>
<arg>sys, selenium.webdriver</arg>
<doc>Evaluates the given expression in Python and returns the result.</doc>
<status status="PASS" start="2025-08-21T11:40:48.841231" elapsed="0.001296"/>
</kw>
<kw name="Call Method" owner="BuiltIn">
<arg>${options}</arg>
<arg>add_argument</arg>
<arg>--headed</arg>
<doc>Calls the named method of the given object with the provided arguments.</doc>
<status status="PASS" start="2025-08-21T11:40:48.853242" elapsed="0.002279"/>
</kw>
<kw name="Call Method" owner="BuiltIn">
<arg>${options}</arg>
<arg>add_argument</arg>
<arg>--no-sandbox</arg>
<doc>Calls the named method of the given object with the provided arguments.</doc>
<status status="PASS" start="2025-08-21T11:40:48.857049" elapsed="0.000763"/>
</kw>
<kw name="Call Method" owner="BuiltIn">
<arg>${options}</arg>
<arg>add_argument</arg>
<arg>--disable-dev-shm-usage</arg>
<doc>Calls the named method of the given object with the provided arguments.</doc>
<status status="PASS" start="2025-08-21T11:40:48.858612" elapsed="0.000570"/>
</kw>
<kw name="Evaluate" owner="BuiltIn">
<msg time="2025-08-21T11:40:48.863535" level="INFO">${profile_dir} = C:\Users\KAVITA~1.CHO\AppData\Local\Temp\tmpumw382x3</msg>
<var>${profile_dir}</var>
<arg>__import__('tempfile').mkdtemp()</arg>
<arg>modules=tempfile</arg>
<doc>Evaluates the given expression in Python and returns the result.</doc>
<status status="PASS" start="2025-08-21T11:40:48.860020" elapsed="0.003646"/>
</kw>
<kw name="Set Variable" owner="BuiltIn">
<msg time="2025-08-21T11:40:48.877062" level="INFO">${user_data_arg} = --user-data-dir=C:\Users\KAVITA~1.CHO\AppData\Local\Temp\tmpumw382x3</msg>
<var>${user_data_arg}</var>
<arg>--user-data-dir=${profile_dir}</arg>
<doc>Returns the given values which can then be assigned to a variables.</doc>
<status status="PASS" start="2025-08-21T11:40:48.876023" elapsed="0.001194"/>
</kw>
<kw name="Call Method" owner="BuiltIn">
<arg>${options}</arg>
<arg>add_argument</arg>
<arg>${user_data_arg}</arg>
<doc>Calls the named method of the given object with the provided arguments.</doc>
<status status="PASS" start="2025-08-21T11:40:48.886759" elapsed="0.003219"/>
</kw>
<kw name="Create Webdriver" owner="SeleniumLibrary">
<msg time="2025-08-21T11:40:48.891830" level="INFO">Creating an instance of the Chrome WebDriver.</msg>
<arg>Chrome</arg>
<arg>options=${options}</arg>
<doc>Creates an instance of Selenium WebDriver.</doc>
<status status="PASS" start="2025-08-21T11:40:48.891095" elapsed="5.160201"/>
</kw>
<kw name="Go To" owner="SeleniumLibrary">
<msg time="2025-08-21T11:40:54.078956" level="INFO">Opening url 'http://52.140.64.177:9099/'</msg>
<arg>${url["${env}"]}</arg>
<doc>Navigates the current browser window to the provided ``url``.</doc>
<status status="PASS" start="2025-08-21T11:40:54.076856" elapsed="4.429943"/>
</kw>
<kw name="Maximize Browser Window" owner="SeleniumLibrary">
<doc>Maximizes current browser window.</doc>
<status status="PASS" start="2025-08-21T11:40:58.532720" elapsed="0.216418"/>
</kw>
<status status="PASS" start="2025-08-21T11:40:48.839328" elapsed="9.910747"/>
</kw>
<kw name="Basic Login TestCase" owner="Dashboard">
<kw name="Input Text" owner="SeleniumLibrary">
<msg time="2025-08-21T11:40:58.762621" level="INFO">Typing text 'samuel@gmail.com' into text field '//input[@id=':r0:']'.</msg>
<arg>${LoginPage_user_name}</arg>
<arg>${username}</arg>
<doc>Types the given ``text`` into the text field identified by ``locator``.</doc>
<status status="PASS" start="2025-08-21T11:40:58.758594" elapsed="1.069699"/>
</kw>
<kw name="Input Text" owner="SeleniumLibrary">
<msg time="2025-08-21T11:40:59.857083" level="INFO">Typing text 'Abc@123' into text field '//input[@id=':r1:']'.</msg>
<arg>${LoginPage_password}</arg>
<arg>${password}</arg>
<doc>Types the given ``text`` into the text field identified by ``locator``.</doc>
<status status="PASS" start="2025-08-21T11:40:59.855940" elapsed="0.650315"/>
</kw>
<kw name="Wait Until Element Is Visible" owner="SeleniumLibrary">
<arg>${LoginPage_login_button}</arg>
<doc>Waits until the element ``locator`` is visible.</doc>
<status status="PASS" start="2025-08-21T11:41:00.516304" elapsed="0.098990"/>
</kw>
<kw name="Press Keys" owner="SeleniumLibrary">
<msg time="2025-08-21T11:41:00.617311" level="INFO">Sending key(s) ('[Return]',) to //button[@id=':r3:'] element.</msg>
<msg time="2025-08-21T11:41:01.052492" level="INFO">Sending keys [Return]</msg>
<arg>${LoginPage_login_button}</arg>
<arg>[Return]</arg>
<doc>Simulates the user pressing key(s) to an element or on the active browser.</doc>
<status status="PASS" start="2025-08-21T11:41:00.616094" elapsed="0.741511"/>
</kw>
<status status="PASS" start="2025-08-21T11:40:58.756470" elapsed="2.631055"/>
</kw>
<kw name="Click on Create inspection Button" owner="Dashboard">
<kw name="Wait Until Element Is Visible" owner="SeleniumLibrary">
<arg>${DashboardComplianceWithRegulation}</arg>
<doc>Waits until the element ``locator`` is visible.</doc>
<status status="PASS" start="2025-08-21T11:41:01.403637" elapsed="1.103589"/>
</kw>
<kw name="Press Keys" owner="SeleniumLibrary">
<msg time="2025-08-21T11:41:02.509730" level="INFO">Sending key(s) ('Return',) to (//div[@class='MuiBox-root css-liyvnj']//button)[1] element.</msg>
<msg time="2025-08-21T11:41:02.983830" level="INFO">Sending keys Return</msg>
<arg>${DashboardComplianceWithRegulation}</arg>
<arg>Return</arg>
<doc>Simulates the user pressing key(s) to an element or on the active browser.</doc>
<status status="PASS" start="2025-08-21T11:41:02.508114" elapsed="0.553816"/>
</kw>
<status status="PASS" start="2025-08-21T11:41:01.396265" elapsed="1.678377"/>
</kw>
<kw name="Page Contain Inspection" owner="Dashboard">
<kw name="Wait Until Element Is Visible" owner="SeleniumLibrary">
<arg>${DashboardCreateInspectionLabel}</arg>
<doc>Waits until the element ``locator`` is visible.</doc>
<status status="PASS" start="2025-08-21T11:41:03.076645" elapsed="0.389640"/>
</kw>
<kw name="Page Should Contain Element" owner="SeleniumLibrary">
<msg time="2025-08-21T11:41:03.490705" level="INFO">Current page contains element '//div//h4[contains(text(),'Inspection Solution')]'.</msg>
<arg>${DashboardCreateInspectionLabel}</arg>
<doc>Verifies that element ``locator`` is found on the current page.</doc>
<status status="PASS" start="2025-08-21T11:41:03.466894" elapsed="0.024133"/>
</kw>
<status status="PASS" start="2025-08-21T11:41:03.075808" elapsed="0.425537"/>
</kw>
<kw name="Fill the information" owner="CreateInspectionKeywords">
<kw name="Wait Until Element Is Visible" owner="SeleniumLibrary">
<arg>${InspectionTypeDropDown}</arg>
<doc>Waits until the element ``locator`` is visible.</doc>
<status status="PASS" start="2025-08-21T11:41:03.505800" elapsed="0.081887"/>
</kw>
<kw name="Press Keys" owner="SeleniumLibrary">
<msg time="2025-08-21T11:41:03.590132" level="INFO">Sending key(s) ('[Return]',) to (//div[@class='MuiFormControl-root MuiFormControl-fullWidth newCaseFields css-17qa0m8'])[2] element.</msg>
<msg time="2025-08-21T11:41:03.983872" level="INFO">Sending keys [Return]</msg>
<arg>${InspectionTypeDropDown}</arg>
<arg>[Return]</arg>
<doc>Simulates the user pressing key(s) to an element or on the active browser.</doc>
<status status="PASS" start="2025-08-21T11:41:03.588703" elapsed="0.497837"/>
</kw>
<kw name="Press Keys" owner="SeleniumLibrary">
<msg time="2025-08-21T11:41:04.098769" level="INFO">Sending key(s) ('[Return]',) to //ul/li[1] element.</msg>
<msg time="2025-08-21T11:41:04.486920" level="INFO">Sending keys [Return]</msg>
<arg>${InspectionTypeDropDownValues}</arg>
<arg>[Return]</arg>
<doc>Simulates the user pressing key(s) to an element or on the active browser.</doc>
<status status="PASS" start="2025-08-21T11:41:04.097635" elapsed="0.482853"/>
</kw>
<kw name="Wait Until Element Is Visible" owner="SeleniumLibrary">
<arg>${ReasonOfInspection}</arg>
<doc>Waits until the element ``locator`` is visible.</doc>
<status status="PASS" start="2025-08-21T11:41:04.592287" elapsed="0.057073"/>
</kw>
<kw name="Input Text" owner="SeleniumLibrary">
<msg time="2025-08-21T11:41:04.650563" level="INFO">Typing text 'Inspection Solution' into text field '(//input[contains(@class,'MuiInputBase-input')])[3]'.</msg>
<arg>${ReasonOfInspection}</arg>
<arg>${Inspection}</arg>
<doc>Types the given ``text`` into the text field identified by ``locator``.</doc>
<status status="PASS" start="2025-08-21T11:41:04.649898" elapsed="0.531659"/>
</kw>
<kw name="Click Element" owner="SeleniumLibrary">
<msg time="2025-08-21T11:41:05.191349" level="INFO">Clicking element '(//div[@class='MuiFormControl-root MuiFormControl-fullWidth MuiTextField-root css-1vbfw84'])[1]'.</msg>
<arg>${CreateInspectionChooseTemplate}</arg>
<doc>Click the element identified by ``locator``.</doc>
<status status="PASS" start="2025-08-21T11:41:05.190497" elapsed="0.201269"/>
</kw>
<kw name="Press Keys" owner="SeleniumLibrary">
<msg time="2025-08-21T11:41:05.401543" level="INFO">Sending key(s) ('ARROW_DOWN',) to page.</msg>
<msg time="2025-08-21T11:41:05.401912" level="INFO">Pressing special key ARROW_DOWN to browser.</msg>
<msg time="2025-08-21T11:41:05.402114" level="INFO">Releasing special key ARROW_DOWN.</msg>
<arg>None</arg>
<arg>ARROW_DOWN</arg>
<doc>Simulates the user pressing key(s) to an element or on the active browser.</doc>
<status status="PASS" start="2025-08-21T11:41:05.400261" elapsed="0.026907"/>
</kw>
<kw name="Press Keys" owner="SeleniumLibrary">
<msg time="2025-08-21T11:41:05.435283" level="INFO">Sending key(s) ('ARROW_DOWN',) to page.</msg>
<msg time="2025-08-21T11:41:05.435466" level="INFO">Pressing special key ARROW_DOWN to browser.</msg>
<msg time="2025-08-21T11:41:05.435570" level="INFO">Releasing special key ARROW_DOWN.</msg>
<arg>None</arg>
<arg>ARROW_DOWN</arg>
<doc>Simulates the user pressing key(s) to an element or on the active browser.</doc>
<status status="PASS" start="2025-08-21T11:41:05.434381" elapsed="0.021702"/>
</kw>
<kw name="Press Keys" owner="SeleniumLibrary">
<msg time="2025-08-21T11:41:05.465239" level="INFO">Sending key(s) ('RETURN',) to page.</msg>
<msg time="2025-08-21T11:41:05.465464" level="INFO">Pressing special key RETURN to browser.</msg>
<msg time="2025-08-21T11:41:05.465583" level="INFO">Releasing special key RETURN.</msg>
<arg>None</arg>
<arg>RETURN</arg>
<doc>Simulates the user pressing key(s) to an element or on the active browser.</doc>
<status status="PASS" start="2025-08-21T11:41:05.464379" elapsed="0.030992"/>
</kw>
<kw name="Sleep" owner="BuiltIn">
<msg time="2025-08-21T11:41:09.501991" level="INFO">Slept 4 seconds.</msg>
<arg>4s</arg>
<doc>Pauses the test executed for the given time.</doc>
<status status="PASS" start="2025-08-21T11:41:05.500344" elapsed="4.002340"/>
</kw>
<kw name="Click Element" owner="SeleniumLibrary">
<msg time="2025-08-21T11:41:09.522896" level="INFO">Clicking element '(//div[@class='MuiFormControl-root MuiFormControl-fullWidth MuiTextField-root css-1vbfw84'])[2]'.</msg>
<arg>${CreateInspectionEntityName}</arg>
<doc>Click the element identified by ``locator``.</doc>
<status status="PASS" start="2025-08-21T11:41:09.521231" elapsed="0.284815"/>
</kw>
<kw name="Press Keys" owner="SeleniumLibrary">
<msg time="2025-08-21T11:41:09.823114" level="INFO">Sending key(s) ('ARROW_DOWN',) to page.</msg>
<msg time="2025-08-21T11:41:09.823469" level="INFO">Pressing special key ARROW_DOWN to browser.</msg>
<msg time="2025-08-21T11:41:09.823629" level="INFO">Releasing special key ARROW_DOWN.</msg>
<arg>None</arg>
<arg>ARROW_DOWN</arg>
<doc>Simulates the user pressing key(s) to an element or on the active browser.</doc>
<status status="PASS" start="2025-08-21T11:41:09.821382" elapsed="0.041145"/>
</kw>
<kw name="Press Keys" owner="SeleniumLibrary">
<msg time="2025-08-21T11:41:09.876120" level="INFO">Sending key(s) ('ARROW_DOWN',) to page.</msg>
<msg time="2025-08-21T11:41:09.876478" level="INFO">Pressing special key ARROW_DOWN to browser.</msg>
<msg time="2025-08-21T11:41:09.876797" level="INFO">Releasing special key ARROW_DOWN.</msg>
<arg>None</arg>
<arg>ARROW_DOWN</arg>
<doc>Simulates the user pressing key(s) to an element or on the active browser.</doc>
<status status="PASS" start="2025-08-21T11:41:09.874164" elapsed="0.038145"/>
</kw>
<kw name="Press Keys" owner="SeleniumLibrary">
<msg time="2025-08-21T11:41:09.926364" level="INFO">Sending key(s) ('RETURN',) to page.</msg>
<msg time="2025-08-21T11:41:09.926785" level="INFO">Pressing special key RETURN to browser.</msg>
<msg time="2025-08-21T11:41:09.926990" level="INFO">Releasing special key RETURN.</msg>
<arg>None</arg>
<arg>RETURN</arg>
<doc>Simulates the user pressing key(s) to an element or on the active browser.</doc>
<status status="PASS" start="2025-08-21T11:41:09.924844" elapsed="0.084407"/>
</kw>
<kw name="Input Text" owner="SeleniumLibrary">
<msg time="2025-08-21T11:41:10.031774" level="INFO">Typing text 'India' into text field '//input[@id=':rq:']'.</msg>
<arg>${CreateInspectionAddress}</arg>
<arg>${Address}</arg>
<doc>Types the given ``text`` into the text field identified by ``locator``.</doc>
<status status="PASS" start="2025-08-21T11:41:10.030719" elapsed="0.631701"/>
</kw>
<kw name="Click Element" owner="SeleniumLibrary">
<msg time="2025-08-21T11:41:10.694327" level="INFO">Clicking element '(//input[@type='checkbox'])[1]'.</msg>
<arg>${CreateInspectionCheckbox1}</arg>
<doc>Click the element identified by ``locator``.</doc>
<status status="PASS" start="2025-08-21T11:41:10.688085" elapsed="0.408272"/>
</kw>
<kw name="Execute Javascript" owner="SeleniumLibrary">
<msg time="2025-08-21T11:41:11.118557" level="INFO">Executing JavaScript:
window.scrollBy(0, 500)
Without any arguments.</msg>
<arg>window.scrollBy(0, 500)</arg>
<doc>Executes the given JavaScript code with possible arguments.</doc>
<status status="PASS" start="2025-08-21T11:41:11.114652" elapsed="0.042585"/>
</kw>
<kw name="Sleep" owner="BuiltIn">
<msg time="2025-08-21T11:41:14.179691" level="INFO">Slept 3 seconds.</msg>
<arg>3s</arg>
<doc>Pauses the test executed for the given time.</doc>
<status status="PASS" start="2025-08-21T11:41:11.178072" elapsed="3.001942"/>
</kw>
<kw name="Click Element" owner="SeleniumLibrary">
<msg time="2025-08-21T11:41:14.190338" level="INFO">Clicking element '(//input[@type='checkbox'])[2]'.</msg>
<arg>${CreateInspectionCheckbox2}</arg>
<doc>Click the element identified by ``locator``.</doc>
<status status="PASS" start="2025-08-21T11:41:14.189697" elapsed="0.227641"/>
</kw>
<kw name="Sleep" owner="BuiltIn">
<msg time="2025-08-21T11:41:17.429272" level="INFO">Slept 3 seconds.</msg>
<arg>3s</arg>
<doc>Pauses the test executed for the given time.</doc>
<status status="PASS" start="2025-08-21T11:41:14.428041" elapsed="3.001701"/>
</kw>
<kw name="Click Element" owner="SeleniumLibrary">
<msg time="2025-08-21T11:41:17.437395" level="INFO">Clicking element '(//input[@type='checkbox'])[3]'.</msg>
<arg>${CreateInspectionCheckbox3}</arg>
<doc>Click the element identified by ``locator``.</doc>
<status status="PASS" start="2025-08-21T11:41:17.436836" elapsed="0.210728"/>
</kw>
<kw name="Press Keys" owner="SeleniumLibrary">
<msg time="2025-08-21T11:41:17.661132" level="INFO">Sending key(s) ('[Return]',) to //button[contains(text(),'Submit')] element.</msg>
<msg time="2025-08-21T11:41:18.048472" level="INFO">Sending keys [Return]</msg>
<arg>${CreateInspectionSubmitButton}</arg>
<arg>[Return]</arg>
<doc>Simulates the user pressing key(s) to an element or on the active browser.</doc>
<status status="PASS" start="2025-08-21T11:41:17.659737" elapsed="0.488794"/>
</kw>
<status status="PASS" start="2025-08-21T11:41:03.504319" elapsed="14.667424"/>
</kw>
<kw name="Wait for MyCases Page" owner="mycaseKeywords">
<kw name="Page Should Contain Element" owner="SeleniumLibrary">
<msg time="2025-08-21T11:41:18.230353" level="INFO">Current page contains element '//h4[contains(text(),'Aaseya Inspection Solution')]'.</msg>
<arg>${MyCasesAaseyaInspectionSolution}</arg>
<doc>Verifies that element ``locator`` is found on the current page.</doc>
<status status="PASS" start="2025-08-21T11:41:18.181014" elapsed="0.050050"/>
</kw>
<status status="PASS" start="2025-08-21T11:41:18.176693" elapsed="0.073008"/>
</kw>
<kw name="End TestCase" owner="commonKeywords" type="TEARDOWN">
<kw name="Close Browser" owner="SeleniumLibrary">
<doc>Closes the current browser.</doc>
<status status="PASS" start="2025-08-21T11:41:18.257612" elapsed="2.932157"/>
</kw>
<status status="PASS" start="2025-08-21T11:41:18.251415" elapsed="2.939123"/>
</kw>
<doc>This testcase verifies the Compliance with Regulation Flow</doc>
<tag>Functional</tag>
<status status="PASS" start="2025-08-21T11:40:48.836316" elapsed="32.354936"/>
</test>
<status status="PASS" start="2025-08-21T11:40:31.036983" elapsed="50.177031"/>
</suite>
<statistics>
<total>
<stat pass="2" fail="0" skip="0">All Tests</stat>
</total>
<tag>
<stat pass="2" fail="0" skip="0">Functional</stat>
</tag>
<suite>
<stat name="createInspection" id="s1" pass="2" fail="0" skip="0">createInspection</stat>
</suite>
</statistics>
<errors>
</errors>
</robot>
